[ 2017-12-29T09:41:08+08:00 ] ERR: Cron:cron_1 Runat 2017-12-29 09:41:08 Use 0.010000 s

[ 2017-12-29T09:41:08+08:00 ] 127.0.0.1 /
INFO: [ app_begin ] --START--
INFO: ReadHtmlCache Behavior ::run [ RunTime:0.002500s ]
INFO: [ app_begin ] --END-- [ RunTime:0.005000s ]
INFO: [ view_parse ] --START--
INFO: ParseTemplate Behavior ::run [ RunTime:0.012500s ]
INFO: [ view_parse ] --END-- [ RunTime:0.012500s ]
INFO: [ view_filter ] --START--
NOTIC: [8] Use of undefined constant APP_TMPL_PATH - assumed 'APP_TMPL_PATH' D:\Webline\weblog\ThinkPHP\Lib\Behavior\ContentReplaceBehavior.class.php 第 40 行.
NOTIC: [8] Use of undefined constant APP_TMPL_PATH - assumed 'APP_TMPL_PATH' D:\Webline\weblog\ThinkPHP\Lib\Behavior\ContentReplaceBehavior.class.php 第 47 行.
INFO: ContentReplace Behavior ::run [ RunTime:0.002500s ]
INFO: TokenBuild Behavior ::run [ RunTime:0.002500s ]
INFO: WriteHtmlCache Behavior ::run [ RunTime:0.002500s ]
INFO: ShowRuntime Behavior ::run [ RunTime:0.002500s ]
INFO: [ view_filter ] --END-- [ RunTime:0.010000s ]
INFO: [ view_end ] --START--
INFO: ShowPageTrace Behavior ::run [ RunTime:0.002500s ]
INFO: [ view_end ] --END-- [ RunTime:0.002500s ]
INFO: [ app_end ] --START--
NOTIC: [8] Undefined variable: lockfile D:\Webline\weblog\ThinkPHP\Extend\Behavior\CronRunBehavior.class.php 第 69 行.
NOTIC: [2] unlink(): Invalid argument D:\Webline\weblog\ThinkPHP\Extend\Behavior\CronRunBehavior.class.php 第 69 行.
INFO: CronRun Behavior ::run [ RunTime:0.022500s ]
INFO: [ app_end ] --END-- [ RunTime:0.022500s ]

